<?xml version="1.0" encoding="UTF-8"?>
<!-- Generated by org.testng.reporters.JUnitReportReporter -->
<testsuite hostname="programmer" failures="0" tests="1" name="helloworld.test.Main" time="13.960" errors="0" timestamp="2022-01-17T22:35:34 EST" skipped="0">
  <testcase classname="helloworld.test.Main" name="test" time="13.960"/>
  <system-out/>
</testsuite> <!-- helloworld.test.Main -->
